[01:11:42.381] Running build in Washington, D.C., USA (East) â€“ iad1
[01:11:42.494] Cloning github.com/AryanThadani02/Task-Manager (Branch: main, Commit: ea47333)
[01:11:42.802] Cloning completed: 308.000ms
[01:11:43.647] Previous build cache not available
[01:11:44.182] Running "vercel build"
[01:11:44.558] Vercel CLI 41.1.3
[01:11:45.125] Installing dependencies...
[01:11:49.575] npm warn deprecated inflight@1.0.6: This module is not supported, and leaks memory. Do not use it. Check out lru-cache if you want a good and tested way to coalesce async requests by a key value, which is much more comprehensive and powerful.
[01:11:49.785] npm warn deprecated glob@7.2.3: Glob versions prior to v9 are no longer supported
[01:11:56.810] 
[01:11:56.811] added 487 packages in 11s
[01:11:56.811] 
[01:11:56.811] 99 packages are looking for funding
[01:11:56.811]   run `npm fund` for details
[01:11:56.860] Running "npm run build"
[01:11:56.973] 
[01:11:56.973] > task-manager@0.0.0 build
[01:11:56.973] > tsc -b && vite build
[01:11:56.973] 
[01:12:00.709] src/components/AddTaskModal.tsx(68,22): error TS2345: Argument of type '(dispatch: any) => Promise<void>' is not assignable to parameter of type 'UnknownAction'.
[01:12:00.710] src/components/AddTaskModal.tsx(68,33): error TS2345: Argument of type '{ userId: string; title: string; description: string; category: string; dueDate: string; status: string; fileUrl: string | null; }' is not assignable to parameter of type 'Task'.
[01:12:00.710]   Property 'id' is missing in type '{ userId: string; title: string; description: string; category: string; dueDate: string; status: string; fileUrl: string | null; }' but required in type 'Task'.
[01:12:00.710] src/components/BoardView.tsx(15,22): error TS2345: Argument of type '(dispatch: any) => Promise<void>' is not assignable to parameter of type 'UnknownAction'.
[01:12:00.710] src/components/BoardView.tsx(121,26): error TS2345: Argument of type '(dispatch: any) => Promise<void>' is not assignable to parameter of type 'UnknownAction'.
[01:12:00.710] src/components/BoardView.tsx(124,13): error TS2353: Object literal may only specify known properties, and 'completed' does not exist in type 'Task'.
[01:12:00.710] src/components/EditTaskModal.tsx(97,22): error TS2345: Argument of type '(dispatch: any) => Promise<void>' is not assignable to parameter of type 'UnknownAction'.
[01:12:00.710] src/components/HomePage.tsx(4,37): error TS6133: 'useLocation' is declared but its value is never read.
[01:12:00.710] src/components/HomePage.tsx(23,16): error TS2345: Argument of type '(dispatch: any) => Promise<void>' is not assignable to parameter of type 'UnknownAction'.
[01:12:00.710] src/components/TaskList.tsx(41,22): error TS2345: Argument of type '(dispatch: any) => Promise<void>' is not assignable to parameter of type 'UnknownAction'.
[01:12:00.711] src/components/TaskList.tsx(53,7): error TS2353: Object literal may only specify known properties, and 'completed' does not exist in type 'Task'.
[01:12:00.711] src/components/TaskList.tsx(91,15): error TS2353: Object literal may only specify known properties, and 'completed' does not exist in type 'Task'.
[01:12:00.711] src/components/TaskList.tsx(184,9): error TS6133: 'getDragAfterElement' is declared but its value is never read.
[01:12:00.711] src/components/TaskList.tsx(196,46): error TS2339: Property 'element' does not exist on type '{ offset: number; }'.
[01:12:00.711] src/components/TaskList.tsx(210,9): error TS2353: Object literal may only specify known properties, and 'completed' does not exist in type 'Task'.
[01:12:00.712] src/components/TaskList.tsx(215,13): error TS6133: 'newIndex' is declared but its value is never read.
[01:12:00.712] src/components/TaskList.tsx(249,9): error TS2353: Object literal may only specify known properties, and 'completed' does not exist in type 'Task'.
[01:12:00.712] src/firebase/firebaseConfig.ts(4,36): error TS6133: 'addDoc' is declared but its value is never read.
[01:12:00.712] src/firebase/firebaseConfig.ts(4,44): error TS6133: 'query' is declared but its value is never read.
[01:12:00.712] src/firebase/firebaseConfig.ts(4,51): error TS6133: 'where' is declared but its value is never read.
[01:12:00.712] src/firebase/firebaseConfig.ts(4,67): error TS6133: 'updateDoc' is declared but its value is never read.
[01:12:00.713] src/firebase/firebaseConfig.ts(4,78): error TS6133: 'doc' is declared but its value is never read.
[01:12:00.713] src/firebase/firebaseConfig.ts(4,83): error TS6133: 'deleteDoc' is declared but its value is never read.
[01:12:00.719] src/firebase/firebaseConfig.ts(30,35): error TS2339: Property 'databaseURL' does not exist on type '{ apiKey: string; authDomain: string; projectId: string; storageBucket: string; messagingSenderId: string; appId: string; measurementId: string; }'.
[01:12:00.719] src/redux/taskSlice.ts(98,22): error TS2345: Argument of type '{ id: string; fileUrl: string | null; createdAt: string; activity: { timestamp: string; action: string; details: string; }[]; userId: string; title: string; description: string; category: string; ... 4 more ...; updatedAt?: string; }' is not assignable to parameter of type 'Task'.
[01:12:00.720]   Types of property 'fileUrl' are incompatible.
[01:12:00.720]     Type 'string | null' is not assignable to type 'string | undefined'.
[01:12:00.721]       Type 'null' is not assignable to type 'string | undefined'.
[01:12:00.722] src/redux/taskSlice.ts(173,34): error TS18046: 'error' is of type 'unknown'.
[01:12:00.722] src/redux/taskSlice.ts(174,37): error TS18046: 'error' is of type 'unknown'.
[01:12:00.722] src/redux/taskSlice.ts(175,35): error TS18046: 'error' is of type 'unknown'.
[01:12:00.998] Error: Command "npm run build" exited with 2
[01:12:01.347] 